{
  level: 'info',
  message: 'Connected with db',
  timestamp: '2022-10-08T02:16:25.614Z'
}
{
  level: 'info',
  message: 'Connected with db',
  timestamp: '2022-10-08T02:18:17.706Z'
}
{
  level: 'info',
  message: 'Connected with db',
  timestamp: '2022-10-08T02:18:21.902Z'
}
{
  level: 'info',
  message: 'Connected with db',
  timestamp: '2022-10-08T02:54:02.419Z'
}
{
  level: 'info',
  message: 'Connected with db',
  timestamp: '2022-10-08T02:55:17.432Z'
}
{
  level: 'info',
  message: 'Connected with db',
  timestamp: '2022-10-08T02:55:18.449Z'
}
{
  level: 'info',
  message: 'Connected with db',
  timestamp: '2022-10-08T02:58:42.202Z'
}
